2024-11-28 10:10:59 - INFO - c.e.p.CourseServiceApplication - Starting CourseServiceApplication using Java 17.0.11 with PID 11896 (D:\GitHub\project_TASC\be\coarch-service\build\classes\java\main started by admin in D:\GitHub\project_TASC\be\coarch-service)
2024-11-28 10:10:59 - INFO - c.e.p.CourseServiceApplication - No active profile set, falling back to 1 default profile: "default"
2024-11-28 10:11:01 - INFO - o.a.coyote.http11.Http11NioProtocol - Initializing ProtocolHandler ["http-nio-8081"]
2024-11-28 10:11:01 - INFO - o.a.catalina.core.StandardService - Starting service [Tomcat]
2024-11-28 10:11:01 - INFO - o.a.catalina.core.StandardEngine - Starting Servlet engine: [Apache Tomcat/10.1.30]
2024-11-28 10:11:01 - INFO - o.a.c.c.C.[Tomcat].[localhost].[/] - Initializing Spring embedded WebApplicationContext
2024-11-28 10:11:01 - INFO - com.zaxxer.hikari.HikariDataSource - HikariPool-1 - Starting...
2024-11-28 10:11:01 - INFO - com.zaxxer.hikari.pool.HikariPool - HikariPool-1 - Added connection com.mysql.cj.jdbc.ConnectionImpl@aecda05
2024-11-28 10:11:01 - INFO - com.zaxxer.hikari.HikariDataSource - HikariPool-1 - Start completed.
2024-11-28 10:11:01 - INFO - o.h.jpa.internal.util.LogHelper - HHH000204: Processing PersistenceUnitInfo [name: default]
2024-11-28 10:11:01 - INFO - org.hibernate.Version - HHH000412: Hibernate ORM core version 6.5.3.Final
2024-11-28 10:11:01 - INFO - o.h.c.i.RegionFactoryInitiator - HHH000026: Second-level cache disabled
2024-11-28 10:11:02 - INFO - o.h.e.t.j.p.i.JtaPlatformInitiator - HHH000489: No JTA platform available (set 'hibernate.transaction.jta.platform' to enable JTA platform integration)
2024-11-28 10:11:02 - WARN - o.s.b.a.o.j.JpaBaseConfiguration$JpaWebConfiguration - spring.jpa.open-in-view is enabled by default. Therefore, database queries may be performed during view rendering. Explicitly configure spring.jpa.open-in-view to disable this warning
2024-11-28 10:11:03 - INFO - o.a.coyote.http11.Http11NioProtocol - Starting ProtocolHandler ["http-nio-8081"]
2024-11-28 10:11:03 - INFO - c.e.p.CourseServiceApplication - Started CourseServiceApplication in 5.056 seconds (process running for 6.393)
2024-11-28 10:11:56 - INFO - c.e.p.CourseServiceApplication - Starting CourseServiceApplication using Java 17.0.11 with PID 15220 (D:\GitHub\project_TASC\be\coarch-service\build\classes\java\main started by admin in D:\GitHub\project_TASC\be\coarch-service)
2024-11-28 10:11:56 - INFO - c.e.p.CourseServiceApplication - No active profile set, falling back to 1 default profile: "default"
2024-11-28 10:11:58 - INFO - o.a.coyote.http11.Http11NioProtocol - Initializing ProtocolHandler ["http-nio-8081"]
2024-11-28 10:11:58 - INFO - o.a.catalina.core.StandardService - Starting service [Tomcat]
2024-11-28 10:11:58 - INFO - o.a.catalina.core.StandardEngine - Starting Servlet engine: [Apache Tomcat/10.1.30]
2024-11-28 10:11:58 - INFO - o.a.c.c.C.[Tomcat].[localhost].[/] - Initializing Spring embedded WebApplicationContext
2024-11-28 10:11:58 - INFO - com.zaxxer.hikari.HikariDataSource - HikariPool-1 - Starting...
2024-11-28 10:11:58 - INFO - com.zaxxer.hikari.pool.HikariPool - HikariPool-1 - Added connection com.mysql.cj.jdbc.ConnectionImpl@1cecc767
2024-11-28 10:11:58 - INFO - com.zaxxer.hikari.HikariDataSource - HikariPool-1 - Start completed.
2024-11-28 10:11:58 - INFO - o.h.jpa.internal.util.LogHelper - HHH000204: Processing PersistenceUnitInfo [name: default]
2024-11-28 10:11:58 - INFO - org.hibernate.Version - HHH000412: Hibernate ORM core version 6.5.3.Final
2024-11-28 10:11:58 - INFO - o.h.c.i.RegionFactoryInitiator - HHH000026: Second-level cache disabled
2024-11-28 10:11:59 - INFO - o.h.e.t.j.p.i.JtaPlatformInitiator - HHH000489: No JTA platform available (set 'hibernate.transaction.jta.platform' to enable JTA platform integration)
2024-11-28 10:11:59 - WARN - o.s.b.a.o.j.JpaBaseConfiguration$JpaWebConfiguration - spring.jpa.open-in-view is enabled by default. Therefore, database queries may be performed during view rendering. Explicitly configure spring.jpa.open-in-view to disable this warning
2024-11-28 10:11:59 - WARN - o.s.b.d.a.OptionalLiveReloadServer - Unable to start LiveReload server
2024-11-28 10:12:00 - INFO - o.a.coyote.http11.Http11NioProtocol - Starting ProtocolHandler ["http-nio-8081"]
2024-11-28 10:12:00 - WARN - o.s.b.w.s.c.AnnotationConfigServletWebServerApplicationContext - Exception encountered during context initialization - cancelling refresh attempt: org.springframework.context.ApplicationContextException: Failed to start bean 'webServerStartStop'
2024-11-28 10:12:00 - INFO - com.zaxxer.hikari.HikariDataSource - HikariPool-1 - Shutdown initiated...
2024-11-28 10:12:00 - INFO - com.zaxxer.hikari.HikariDataSource - HikariPool-1 - Shutdown completed.
2024-11-28 10:12:00 - ERROR - o.s.b.d.LoggingFailureAnalysisReporter - 

***************************
APPLICATION FAILED TO START
***************************

Description:

Web server failed to start. Port 8081 was already in use.

Action:

Identify and stop the process that's listening on port 8081 or configure this application to listen on another port.

2024-11-28 10:12:26 - INFO - o.a.coyote.http11.Http11NioProtocol - Stopping ProtocolHandler ["http-nio-8081"]
2024-11-28 10:12:26 - INFO - com.zaxxer.hikari.HikariDataSource - HikariPool-1 - Shutdown initiated...
2024-11-28 10:12:26 - INFO - com.zaxxer.hikari.HikariDataSource - HikariPool-1 - Shutdown completed.
2024-11-28T10:12:38.284+07:00  INFO 18832 --- [course-service] [restartedMain] c.e.p.CourseServiceApplication           : Starting CourseServiceApplication using Java 17.0.11 with PID 18832 (D:\GitHub\project_TASC\be\coarch-service\build\classes\java\main started by admin in D:\GitHub\project_TASC\be\coarch-service)
2024-11-28T10:12:38.286+07:00  INFO 18832 --- [course-service] [restartedMain] c.e.p.CourseServiceApplication           : No active profile set, falling back to 1 default profile: "default"
2024-11-28T10:12:38.322+07:00  INFO 18832 --- [course-service] [restartedMain] .e.DevToolsPropertyDefaultsPostProcessor : Devtools property defaults active! Set 'spring.devtools.add-properties' to 'false' to disable
2024-11-28T10:12:38.322+07:00  INFO 18832 --- [course-service] [restartedMain] .e.DevToolsPropertyDefaultsPostProcessor : For additional web related logging consider setting the 'logging.level.web' property to 'DEBUG'
2024-11-28T10:12:38.775+07:00  INFO 11896 --- [course-service] [restartedMain] c.e.p.CourseServiceApplication           : Starting CourseServiceApplication using Java 17.0.11 with PID 11896 (D:\GitHub\project_TASC\be\coarch-service\build\classes\java\main started by admin in D:\GitHub\project_TASC\be\coarch-service)
2024-11-28T10:12:38.775+07:00  INFO 11896 --- [course-service] [restartedMain] c.e.p.CourseServiceApplication           : No active profile set, falling back to 1 default profile: "default"
2024-11-28T10:12:39.000+07:00  INFO 11896 --- [course-service] [restartedMain] .s.d.r.c.RepositoryConfigurationDelegate : Multiple Spring Data modules found, entering strict repository configuration mode
2024-11-28T10:12:39.000+07:00  INFO 11896 --- [course-service] [restartedMain] .s.d.r.c.RepositoryConfigurationDelegate : Bootstrapping Spring Data JDBC repositories in DEFAULT mode.
2024-11-28T10:12:39.006+07:00  INFO 11896 --- [course-service] [restartedMain] .RepositoryConfigurationExtensionSupport : Spring Data JDBC - Could not safely identify store assignment for repository candidate interface com.example.productservice.repository.CourseRepository; If you want this repository to be a JDBC repository, consider annotating your entities with one of these annotations: org.springframework.data.relational.core.mapping.Table.
2024-11-28T10:12:39.006+07:00  INFO 11896 --- [course-service] [restartedMain] .s.d.r.c.RepositoryConfigurationDelegate : Finished Spring Data repository scanning in 5 ms. Found 0 JDBC repository interfaces.
2024-11-28T10:12:39.009+07:00  INFO 11896 --- [course-service] [restartedMain] .s.d.r.c.RepositoryConfigurationDelegate : Multiple Spring Data modules found, entering strict repository configuration mode
2024-11-28T10:12:39.010+07:00  INFO 11896 --- [course-service] [restartedMain] .s.d.r.c.RepositoryConfigurationDelegate : Bootstrapping Spring Data JPA repositories in DEFAULT mode.
2024-11-28T10:12:39.016+07:00  INFO 11896 --- [course-service] [restartedMain] .s.d.r.c.RepositoryConfigurationDelegate : Finished Spring Data repository scanning in 6 ms. Found 1 JPA repository interface.
2024-11-28T10:12:39.018+07:00  INFO 11896 --- [course-service] [restartedMain] .s.d.r.c.RepositoryConfigurationDelegate : Multiple Spring Data modules found, entering strict repository configuration mode
2024-11-28T10:12:39.019+07:00  INFO 11896 --- [course-service] [restartedMain] .s.d.r.c.RepositoryConfigurationDelegate : Bootstrapping Spring Data Redis repositories in DEFAULT mode.
2024-11-28T10:12:39.021+07:00  INFO 11896 --- [course-service] [restartedMain] .RepositoryConfigurationExtensionSupport : Spring Data Redis - Could not safely identify store assignment for repository candidate interface com.example.productservice.repository.CourseRepository; If you want this repository to be a Redis repository, consider annotating your entities with one of these annotations: org.springframework.data.redis.core.RedisHash (preferred), or consider extending one of the following types with your repository: org.springframework.data.keyvalue.repository.KeyValueRepository
2024-11-28T10:12:39.022+07:00  INFO 11896 --- [course-service] [restartedMain] .s.d.r.c.RepositoryConfigurationDelegate : Finished Spring Data repository scanning in 2 ms. Found 0 Redis repository interfaces.
2024-11-28T10:12:39.066+07:00  INFO 11896 --- [course-service] [restartedMain] o.s.cloud.context.scope.GenericScope     : BeanFactory id=cee61bf8-3bd9-3ede-a21e-a69e0b0388c8
2024-11-28T10:12:39.122+07:00  INFO 11896 --- [course-service] [restartedMain] o.s.b.w.embedded.tomcat.TomcatWebServer  : Tomcat initialized with port 8081 (http)
2024-11-28T10:12:39.123+07:00  INFO 11896 --- [course-service] [restartedMain] o.apache.catalina.core.StandardService   : Starting service [Tomcat]
2024-11-28T10:12:39.123+07:00  INFO 11896 --- [course-service] [restartedMain] o.apache.catalina.core.StandardEngine    : Starting Servlet engine: [Apache Tomcat/10.1.30]
2024-11-28T10:12:39.146+07:00  INFO 11896 --- [course-service] [restartedMain] o.a.c.c.C.[Tomcat].[localhost].[/]       : Initializing Spring embedded WebApplicationContext
2024-11-28T10:12:39.146+07:00  INFO 11896 --- [course-service] [restartedMain] w.s.c.ServletWebServerApplicationContext : Root WebApplicationContext: initialization completed in 369 ms
2024-11-28T10:12:39.158+07:00  INFO 18832 --- [course-service] [restartedMain] .s.d.r.c.RepositoryConfigurationDelegate : Multiple Spring Data modules found, entering strict repository configuration mode
2024-11-28T10:12:39.160+07:00  INFO 18832 --- [course-service] [restartedMain] .s.d.r.c.RepositoryConfigurationDelegate : Bootstrapping Spring Data JDBC repositories in DEFAULT mode.
2024-11-28T10:12:39.168+07:00  INFO 11896 --- [course-service] [restartedMain] com.zaxxer.hikari.HikariDataSource       : HikariPool-3 - Starting...
2024-11-28T10:12:39.179+07:00  INFO 11896 --- [course-service] [restartedMain] com.zaxxer.hikari.pool.HikariPool        : HikariPool-3 - Added connection com.mysql.cj.jdbc.ConnectionImpl@79357c39
2024-11-28T10:12:39.179+07:00  INFO 11896 --- [course-service] [restartedMain] com.zaxxer.hikari.HikariDataSource       : HikariPool-3 - Start completed.
2024-11-28T10:12:39.180+07:00  INFO 11896 --- [course-service] [restartedMain] o.hibernate.jpa.internal.util.LogHelper  : HHH000204: Processing PersistenceUnitInfo [name: default]
2024-11-28T10:12:39.181+07:00  INFO 11896 --- [course-service] [restartedMain] o.h.c.internal.RegionFactoryInitiator    : HHH000026: Second-level cache disabled
2024-11-28T10:12:39.184+07:00  INFO 18832 --- [course-service] [restartedMain] .RepositoryConfigurationExtensionSupport : Spring Data JDBC - Could not safely identify store assignment for repository candidate interface com.example.productservice.repository.CourseRepository; If you want this repository to be a JDBC repository, consider annotating your entities with one of these annotations: org.springframework.data.relational.core.mapping.Table.
2024-11-28T10:12:39.184+07:00  INFO 18832 --- [course-service] [restartedMain] .s.d.r.c.RepositoryConfigurationDelegate : Finished Spring Data repository scanning in 21 ms. Found 0 JDBC repository interfaces.
2024-11-28T10:12:39.187+07:00  INFO 11896 --- [course-service] [restartedMain] o.s.o.j.p.SpringPersistenceUnitInfo      : No LoadTimeWeaver setup: ignoring JPA class transformer
2024-11-28T10:12:39.193+07:00  INFO 18832 --- [course-service] [restartedMain] .s.d.r.c.RepositoryConfigurationDelegate : Multiple Spring Data modules found, entering strict repository configuration mode
2024-11-28T10:12:39.194+07:00  INFO 18832 --- [course-service] [restartedMain] .s.d.r.c.RepositoryConfigurationDelegate : Bootstrapping Spring Data JPA repositories in DEFAULT mode.
2024-11-28T10:12:39.214+07:00  INFO 11896 --- [course-service] [restartedMain] o.h.e.t.j.p.i.JtaPlatformInitiator       : HHH000489: No JTA platform available (set 'hibernate.transaction.jta.platform' to enable JTA platform integration)
2024-11-28T10:12:39.214+07:00  INFO 11896 --- [course-service] [restartedMain] j.LocalContainerEntityManagerFactoryBean : Initialized JPA EntityManagerFactory for persistence unit 'default'
2024-11-28T10:12:39.258+07:00  WARN 11896 --- [course-service] [restartedMain] JpaBaseConfiguration$JpaWebConfiguration : spring.jpa.open-in-view is enabled by default. Therefore, database queries may be performed during view rendering. Explicitly configure spring.jpa.open-in-view to disable this warning
2024-11-28T10:12:39.268+07:00  INFO 11896 --- [course-service] [restartedMain] o.s.b.d.a.OptionalLiveReloadServer       : LiveReload server is running on port 35729
2024-11-28T10:12:39.270+07:00  INFO 18832 --- [course-service] [restartedMain] .s.d.r.c.RepositoryConfigurationDelegate : Finished Spring Data repository scanning in 71 ms. Found 1 JPA repository interface.
2024-11-28T10:12:39.282+07:00  INFO 18832 --- [course-service] [restartedMain] .s.d.r.c.RepositoryConfigurationDelegate : Multiple Spring Data modules found, entering strict repository configuration mode
2024-11-28T10:12:39.283+07:00  INFO 18832 --- [course-service] [restartedMain] .s.d.r.c.RepositoryConfigurationDelegate : Bootstrapping Spring Data Redis repositories in DEFAULT mode.
2024-11-28T10:12:39.292+07:00  INFO 18832 --- [course-service] [restartedMain] .RepositoryConfigurationExtensionSupport : Spring Data Redis - Could not safely identify store assignment for repository candidate interface com.example.productservice.repository.CourseRepository; If you want this repository to be a Redis repository, consider annotating your entities with one of these annotations: org.springframework.data.redis.core.RedisHash (preferred), or consider extending one of the following types with your repository: org.springframework.data.keyvalue.repository.KeyValueRepository
2024-11-28T10:12:39.293+07:00  INFO 18832 --- [course-service] [restartedMain] .s.d.r.c.RepositoryConfigurationDelegate : Finished Spring Data repository scanning in 4 ms. Found 0 Redis repository interfaces.
2024-11-28T10:12:39.491+07:00  INFO 18832 --- [course-service] [restartedMain] o.s.cloud.context.scope.GenericScope     : BeanFactory id=cee61bf8-3bd9-3ede-a21e-a69e0b0388c8
2024-11-28T10:12:39.521+07:00  INFO 11896 --- [course-service] [restartedMain] o.s.b.w.embedded.tomcat.TomcatWebServer  : Tomcat started on port 8081 (http) with context path '/'
2024-11-28T10:12:39.606+07:00  INFO 11896 --- [course-service] [restartedMain] c.e.p.CourseServiceApplication           : Started CourseServiceApplication in 1.036 seconds (process running for 102.07)
2024-11-28T10:12:39.607+07:00  INFO 11896 --- [course-service] [restartedMain] .ConditionEvaluationDeltaLoggingListener : Condition evaluation unchanged
2024-11-28T10:12:39.848+07:00  INFO 18832 --- [course-service] [restartedMain] o.s.b.w.embedded.tomcat.TomcatWebServer  : Tomcat initialized with port 8081 (http)
2024-11-28T10:12:39.857+07:00  INFO 18832 --- [course-service] [restartedMain] o.apache.catalina.core.StandardService   : Starting service [Tomcat]
2024-11-28T10:12:39.858+07:00  INFO 18832 --- [course-service] [restartedMain] o.apache.catalina.core.StandardEngine    : Starting Servlet engine: [Apache Tomcat/10.1.30]
2024-11-28T10:12:39.898+07:00  INFO 18832 --- [course-service] [restartedMain] o.a.c.c.C.[Tomcat].[localhost].[/]       : Initializing Spring embedded WebApplicationContext
2024-11-28T10:12:39.898+07:00  INFO 18832 --- [course-service] [restartedMain] w.s.c.ServletWebServerApplicationContext : Root WebApplicationContext: initialization completed in 1575 ms
2024-11-28T10:12:39.988+07:00  INFO 18832 --- [course-service] [restartedMain] com.zaxxer.hikari.HikariDataSource       : HikariPool-1 - Starting...
2024-11-28T10:12:40.193+07:00  INFO 18832 --- [course-service] [restartedMain] com.zaxxer.hikari.pool.HikariPool        : HikariPool-1 - Added connection com.mysql.cj.jdbc.ConnectionImpl@242b2a55
2024-11-28T10:12:40.195+07:00  INFO 18832 --- [course-service] [restartedMain] com.zaxxer.hikari.HikariDataSource       : HikariPool-1 - Start completed.
2024-11-28T10:12:40.219+07:00  INFO 18832 --- [course-service] [restartedMain] o.hibernate.jpa.internal.util.LogHelper  : HHH000204: Processing PersistenceUnitInfo [name: default]
2024-11-28T10:12:40.250+07:00  INFO 18832 --- [course-service] [restartedMain] org.hibernate.Version                    : HHH000412: Hibernate ORM core version 6.5.3.Final
2024-11-28T10:12:40.273+07:00  INFO 18832 --- [course-service] [restartedMain] o.h.c.internal.RegionFactoryInitiator    : HHH000026: Second-level cache disabled
2024-11-28T10:12:40.511+07:00  INFO 18832 --- [course-service] [restartedMain] o.s.o.j.p.SpringPersistenceUnitInfo      : No LoadTimeWeaver setup: ignoring JPA class transformer
2024-11-28T10:12:41.155+07:00  INFO 18832 --- [course-service] [restartedMain] o.h.e.t.j.p.i.JtaPlatformInitiator       : HHH000489: No JTA platform available (set 'hibernate.transaction.jta.platform' to enable JTA platform integration)
2024-11-28T10:12:41.157+07:00  INFO 18832 --- [course-service] [restartedMain] j.LocalContainerEntityManagerFactoryBean : Initialized JPA EntityManagerFactory for persistence unit 'default'
2024-11-28T10:12:41.456+07:00  WARN 18832 --- [course-service] [restartedMain] JpaBaseConfiguration$JpaWebConfiguration : spring.jpa.open-in-view is enabled by default. Therefore, database queries may be performed during view rendering. Explicitly configure spring.jpa.open-in-view to disable this warning
2024-11-28T10:12:41.482+07:00  WARN 18832 --- [course-service] [restartedMain] o.s.b.d.a.OptionalLiveReloadServer       : Unable to start LiveReload server
2024-11-28T10:12:42.265+07:00  WARN 18832 --- [course-service] [restartedMain] ConfigServletWebServerApplicationContext : Exception encountered during context initialization - cancelling refresh attempt: org.springframework.context.ApplicationContextException: Failed to start bean 'webServerStartStop'
2024-11-28T10:12:42.269+07:00  INFO 18832 --- [course-service] [restartedMain] j.LocalContainerEntityManagerFactoryBean : Closing JPA EntityManagerFactory for persistence unit 'default'
2024-11-28T10:12:42.272+07:00  INFO 18832 --- [course-service] [restartedMain] com.zaxxer.hikari.HikariDataSource       : HikariPool-1 - Shutdown initiated...
2024-11-28T10:12:42.278+07:00  INFO 18832 --- [course-service] [restartedMain] com.zaxxer.hikari.HikariDataSource       : HikariPool-1 - Shutdown completed.
2024-11-28T10:12:42.288+07:00  INFO 18832 --- [course-service] [restartedMain] .s.b.a.l.ConditionEvaluationReportLogger : 

Error starting ApplicationContext. To display the condition evaluation report re-run your application with 'debug' enabled.
2024-11-28T10:12:42.301+07:00 ERROR 18832 --- [course-service] [restartedMain] o.s.b.d.LoggingFailureAnalysisReporter   : 

***************************
APPLICATION FAILED TO START
***************************

Description:

Web server failed to start. Port 8081 was already in use.

Action:

Identify and stop the process that's listening on port 8081 or configure this application to listen on another port.

2024-11-28T13:53:10.032+07:00  WARN 11896 --- [course-service] [HikariPool-3 housekeeper] com.zaxxer.hikari.pool.HikariPool        : HikariPool-3 - Thread starvation or clock leap detected (housekeeper delta=33m1s200ms188µs600ns).
2024-11-28T14:06:10.044+07:00  WARN 11896 --- [course-service] [HikariPool-3 housekeeper] com.zaxxer.hikari.pool.HikariPool        : HikariPool-3 - Thread starvation or clock leap detected (housekeeper delta=53s633ms447µs800ns).
2024-11-28T14:25:47.478+07:00  WARN 11896 --- [course-service] [HikariPool-3 housekeeper] com.zaxxer.hikari.pool.HikariPool        : HikariPool-3 - Thread starvation or clock leap detected (housekeeper delta=7m7s176ms968µs200ns).
